app/build/intermediates/manifest_merge_blame_file/debug/manifest-merger-blame-debug-report.txt
1<?xml version="1.0" encoding="utf-8"?>
2<manifest xmlns:android="http://schemas.android.com/apk/res/android"
3    package="com.cst2335Lab6"
4    android:versionCode="1"
5    android:versionName="1.0" >
6
7    <uses-sdk
8        android:minSdkVersion="16"
8-->src\main\AndroidManifest.xml
9        android:targetSdkVersion="30" />
9-->src\main\AndroidManifest.xml
10
11    <uses-feature
11-->src\main\AndroidManifest.xml:5:5-7:35
12        android:name="android.hardware.camera"
12-->src\main\AndroidManifest.xml:6:9-47
13        android:required="true" />
13-->src\main\AndroidManifest.xml:7:9-32
14
15    <uses-permission android:name="android.permission.CAMERA" />
15-->src\main\AndroidManifest.xml:9:5-65
15-->src\main\AndroidManifest.xml:9:22-62
16    <uses-permission android:name="android.permission.INTERNET" />
16-->src\main\AndroidManifest.xml:10:5-66
16-->src\main\AndroidManifest.xml:10:22-64
17
18    <application
18-->src\main\AndroidManifest.xml:12:5-35:19
19        android:allowBackup="true"
19-->src\main\AndroidManifest.xml:13:9-35
20        android:appComponentFactory="androidx.core.app.CoreComponentFactory"
20-->[androidx.core:core:1.3.1] AndroidManifest.xml:24:18-86
21        android:debuggable="true"
22        android:icon="@mipmap/ic_launcher"
22-->src\main\AndroidManifest.xml:14:9-43
23        android:label="@string/app_name"
23-->src\main\AndroidManifest.xml:15:9-41
24        android:roundIcon="@mipmap/ic_launcher_round"
24-->src\main\AndroidManifest.xml:16:9-54
25        android:supportsRtl="true"
25-->src\main\AndroidManifest.xml:17:9-35
26        android:testOnly="true"
27        android:theme="@style/Theme.cst2335Lab6" >
27-->src\main\AndroidManifest.xml:18:9-49
28        <activity android:name="com.cst2335Lab6.WeatherForecast" />
28-->src\main\AndroidManifest.xml:19:9-77
28-->src\main\AndroidManifest.xml:19:19-65
29        <activity
29-->src\main\AndroidManifest.xml:20:9-22:46
30            android:name="com.cst2335Lab6.ProfileActivity"
30-->src\main\AndroidManifest.xml:21:13-59
31            android:configChanges="locale" />
31-->src\main\AndroidManifest.xml:22:13-43
32        <activity
32-->src\main\AndroidManifest.xml:23:9-25:46
33            android:name="com.cst2335Lab6.ChatRoomActivity"
33-->src\main\AndroidManifest.xml:24:13-60
34            android:configChanges="locale" />
34-->src\main\AndroidManifest.xml:25:13-43
35        <activity
35-->src\main\AndroidManifest.xml:26:9-34:20
36            android:name="com.cst2335Lab6.MainActivity"
36-->src\main\AndroidManifest.xml:27:13-56
37            android:configChanges="locale" >
37-->src\main\AndroidManifest.xml:28:13-43
38            <intent-filter>
38-->src\main\AndroidManifest.xml:29:13-33:29
39                <action android:name="android.intent.action.MAIN" />
39-->src\main\AndroidManifest.xml:30:17-69
39-->src\main\AndroidManifest.xml:30:25-66
40
41                <category android:name="android.intent.category.LAUNCHER" />
41-->src\main\AndroidManifest.xml:32:17-77
41-->src\main\AndroidManifest.xml:32:27-74
42            </intent-filter>
43        </activity>
44    </application>
45
46</manifest>